2024-07-28 15:52:27,458 INFO o.a.j.u.JMeterUtils: Setting Locale to en_EN
2024-07-28 15:52:27,472 INFO o.a.j.JMeter: Loading user properties from: user.properties
2024-07-28 15:52:27,473 INFO o.a.j.JMeter: Loading system properties from: system.properties
2024-07-28 15:52:27,477 INFO o.a.j.JMeter: Copyright (c) 1998-2024 The Apache Software Foundation
2024-07-28 15:52:27,477 INFO o.a.j.JMeter: Version 5.6.3
2024-07-28 15:52:27,478 INFO o.a.j.JMeter: java.version=21.0.3
2024-07-28 15:52:27,478 INFO o.a.j.JMeter: java.vm.name=Java HotSpot(TM) 64-Bit Server VM
2024-07-28 15:52:27,478 INFO o.a.j.JMeter: os.name=Mac OS X
2024-07-28 15:52:27,478 INFO o.a.j.JMeter: os.arch=aarch64
2024-07-28 15:52:27,478 INFO o.a.j.JMeter: os.version=13.4
2024-07-28 15:52:27,478 INFO o.a.j.JMeter: file.encoding=UTF-8
2024-07-28 15:52:27,478 INFO o.a.j.JMeter: java.awt.headless=true
2024-07-28 15:52:27,478 INFO o.a.j.JMeter: Max memory     =1073741824
2024-07-28 15:52:27,478 INFO o.a.j.JMeter: Available Processors =8
2024-07-28 15:52:27,487 INFO o.a.j.JMeter: Default Locale=English (EN)
2024-07-28 15:52:27,487 INFO o.a.j.JMeter: JMeter  Locale=English (EN)
2024-07-28 15:52:27,487 INFO o.a.j.JMeter: JMeterHome=/Applications/apache-jmeter-5.6.3
2024-07-28 15:52:27,487 INFO o.a.j.JMeter: user.dir  =/Applications/apache-jmeter-5.6.3/bin
2024-07-28 15:52:27,487 INFO o.a.j.JMeter: PWD       =/Applications/apache-jmeter-5.6.3/bin
2024-07-28 15:52:27,488 INFO o.a.j.JMeter: IP: 127.0.0.1 Name: kinjals-MacBook-Air.local FullName: localhost
2024-07-28 15:52:27,497 INFO o.a.j.JMeter: Setting property 'jmeter.reportgenerator.outputdir' to:'/Applications/apache-jmeter-5.6.3/bin/HTMLReports'
2024-07-28 15:52:27,498 INFO o.a.j.s.FileServer: Default base='/Applications/apache-jmeter-5.6.3/bin'
2024-07-28 15:52:27,499 INFO o.a.j.s.FileServer: Set new base='/Applications/apache-jmeter-5.6.3/bin'
2024-07-28 15:52:27,595 INFO o.a.j.s.SaveService: Testplan (JMX) version: 2.2. Testlog (JTL) version: 2.2
2024-07-28 15:52:27,618 INFO o.a.j.s.SaveService: Using SaveService properties version 5.0
2024-07-28 15:52:27,619 INFO o.a.j.s.SaveService: Using SaveService properties file encoding UTF-8
2024-07-28 15:52:27,621 INFO o.a.j.s.SaveService: Loading file: BlazeDemo.jmx
2024-07-28 15:52:27,641 INFO o.a.j.p.h.c.CacheManager: Will only cache the following methods: [GET]
2024-07-28 15:52:27,642 INFO o.a.j.p.h.c.CookieManager: Settings: Delete null: true Check: true Allow variable: true Save: false Prefix: COOKIE_
2024-07-28 15:52:27,659 INFO o.a.j.p.h.s.HTTPSamplerBase: Parser for text/html is org.apache.jmeter.protocol.http.parser.LagartoBasedHtmlParser
2024-07-28 15:52:27,659 INFO o.a.j.p.h.s.HTTPSamplerBase: Parser for application/xhtml+xml is org.apache.jmeter.protocol.http.parser.LagartoBasedHtmlParser
2024-07-28 15:52:27,659 INFO o.a.j.p.h.s.HTTPSamplerBase: Parser for application/xml is org.apache.jmeter.protocol.http.parser.LagartoBasedHtmlParser
2024-07-28 15:52:27,659 INFO o.a.j.p.h.s.HTTPSamplerBase: Parser for text/xml is org.apache.jmeter.protocol.http.parser.LagartoBasedHtmlParser
2024-07-28 15:52:27,659 INFO o.a.j.p.h.s.HTTPSamplerBase: Parser for text/vnd.wap.wml is org.apache.jmeter.protocol.http.parser.RegexpHTMLParser
2024-07-28 15:52:27,659 INFO o.a.j.p.h.s.HTTPSamplerBase: Parser for text/css is org.apache.jmeter.protocol.http.parser.CssParser
2024-07-28 15:52:27,673 INFO o.a.j.JMeter: Creating summariser <summary>
2024-07-28 15:52:27,676 INFO o.a.j.r.d.ReportGenerator: ReportGenerator will use for Parsing the separator: ','
2024-07-28 15:52:27,676 INFO o.a.j.r.d.ReportGenerator: Will generate report at end of test from  results file: Blazedemo_report.csv
2024-07-28 15:52:27,676 INFO o.a.j.r.d.ReportGenerator: Reading report generator properties from: /Applications/apache-jmeter-5.6.3/bin/reportgenerator.properties
2024-07-28 15:52:27,677 INFO o.a.j.r.d.ReportGenerator: Merging with JMeter properties
2024-07-28 15:52:27,678 INFO o.a.j.r.c.ReportGeneratorConfiguration: Property 'jmeter.reportgenerator.temp_dir' not found, using default value 'temp' instead.
2024-07-28 15:52:27,679 INFO o.a.j.r.c.ReportGeneratorConfiguration: Property 'jmeter.reportgenerator.apdex_per_transaction' not found, using default value 'null' instead.
2024-07-28 15:52:27,679 INFO o.a.j.r.c.ReportGeneratorConfiguration: apdex_per_transaction is empty, not APDEX per transaction customization
2024-07-28 15:52:27,679 INFO o.a.j.r.c.ReportGeneratorConfiguration: Property 'jmeter.reportgenerator.sample_filter' not found, using default value 'null' instead.
2024-07-28 15:52:27,680 INFO o.a.j.r.c.ReportGeneratorConfiguration: Property 'jmeter.reportgenerator.report_title' not found, using default value 'null' instead.
2024-07-28 15:52:27,680 INFO o.a.j.r.c.ReportGeneratorConfiguration: Property 'jmeter.reportgenerator.start_date' not found, using default value 'null' instead.
2024-07-28 15:52:27,680 INFO o.a.j.r.c.ReportGeneratorConfiguration: Property 'jmeter.reportgenerator.end_date' not found, using default value 'null' instead.
2024-07-28 15:52:27,680 INFO o.a.j.r.c.ReportGeneratorConfiguration: Property 'jmeter.reportgenerator.date_format' not found, using default value 'null' instead.
2024-07-28 15:52:27,680 INFO o.a.j.r.c.ReportGeneratorConfiguration: Will use date range start date: null, end date: null
2024-07-28 15:52:27,682 INFO o.a.j.r.c.ReportGeneratorConfiguration: Property 'jmeter.reportgenerator.graph.totalTPS.exclude_controllers' not found, using default value 'false' instead.
2024-07-28 15:52:27,682 INFO o.a.j.r.c.ReportGeneratorConfiguration: Property 'jmeter.reportgenerator.graph.activeThreadsOverTime.exclude_controllers' not found, using default value 'false' instead.
2024-07-28 15:52:27,682 INFO o.a.j.r.c.ReportGeneratorConfiguration: Property 'jmeter.reportgenerator.graph.timeVsThreads.exclude_controllers' not found, using default value 'false' instead.
2024-07-28 15:52:27,682 INFO o.a.j.r.c.ReportGeneratorConfiguration: Property 'jmeter.reportgenerator.graph.responseTimeDistribution.exclude_controllers' not found, using default value 'false' instead.
2024-07-28 15:52:27,682 INFO o.a.j.r.c.ReportGeneratorConfiguration: Property 'jmeter.reportgenerator.graph.transactionsPerSecond.exclude_controllers' not found, using default value 'false' instead.
2024-07-28 15:52:27,682 INFO o.a.j.r.c.ReportGeneratorConfiguration: Property 'jmeter.reportgenerator.graph.responseTimePercentiles.exclude_controllers' not found, using default value 'false' instead.
2024-07-28 15:52:27,682 INFO o.a.j.r.c.ReportGeneratorConfiguration: Property 'jmeter.reportgenerator.graph.responseTimePercentilesOverTime.exclude_controllers' not found, using default value 'false' instead.
2024-07-28 15:52:27,682 INFO o.a.j.r.c.ReportGeneratorConfiguration: Property 'jmeter.reportgenerator.graph.responseTimesOverTime.exclude_controllers' not found, using default value 'false' instead.
2024-07-28 15:52:27,682 INFO o.a.j.r.c.ReportGeneratorConfiguration: Property 'jmeter.reportgenerator.graph.connectTimeOverTime.exclude_controllers' not found, using default value 'false' instead.
2024-07-28 15:52:27,682 INFO o.a.j.r.c.ReportGeneratorConfiguration: Property 'jmeter.reportgenerator.graph.latenciesOverTime.exclude_controllers' not found, using default value 'false' instead.
2024-07-28 15:52:27,683 INFO o.a.j.r.c.ReportGeneratorConfiguration: Property 'jmeter.reportgenerator.exporter.json.filters_only_sample_series' not found, using default value 'true' instead.
2024-07-28 15:52:27,683 INFO o.a.j.r.c.ReportGeneratorConfiguration: Property 'jmeter.reportgenerator.exporter.json.series_filter' not found, using default value '' instead.
2024-07-28 15:52:27,683 INFO o.a.j.r.c.ReportGeneratorConfiguration: Property 'jmeter.reportgenerator.exporter.json.show_controllers_only' not found, using default value 'false' instead.
2024-07-28 15:52:27,683 INFO o.a.j.r.c.ReportGeneratorConfiguration: Property 'jmeter.reportgenerator.exporter.html.filters_only_sample_series' not found, using default value 'true' instead.
2024-07-28 15:52:27,683 INFO o.a.j.r.c.ReportGeneratorConfiguration: Property 'jmeter.reportgenerator.exporter.html.series_filter' not found, using default value '' instead.
2024-07-28 15:52:27,683 INFO o.a.j.r.c.ReportGeneratorConfiguration: Property 'jmeter.reportgenerator.exporter.html.show_controllers_only' not found, using default value 'false' instead.
2024-07-28 15:52:27,690 INFO o.a.j.e.StandardJMeterEngine: Running the test!
2024-07-28 15:52:27,690 INFO o.a.j.s.SampleEvent: List of sample_variables: []
2024-07-28 15:52:27,690 INFO o.a.j.s.SampleEvent: List of sample_variables: []
2024-07-28 15:52:27,693 INFO o.a.j.e.u.CompoundVariable: Note: Function class names must contain the string: '.functions.'
2024-07-28 15:52:27,693 INFO o.a.j.e.u.CompoundVariable: Note: Function class names must not contain the string: '.gui.'
2024-07-28 15:52:27,749 INFO o.a.j.JMeter: Running test (1722207147749)
2024-07-28 15:52:27,763 INFO o.a.j.e.StandardJMeterEngine: Starting ThreadGroup: 1 : Thread Group
2024-07-28 15:52:27,763 INFO o.a.j.e.StandardJMeterEngine: Starting 20 threads for group Thread Group.
2024-07-28 15:52:27,763 INFO o.a.j.e.StandardJMeterEngine: Thread will continue on error
2024-07-28 15:52:27,763 INFO o.a.j.t.ThreadGroup: Starting thread group... number=1 threads=20 ramp-up=10 delayedStart=false
2024-07-28 15:52:27,767 INFO o.a.j.t.JMeterThread: Thread started: Thread Group 1-1
2024-07-28 15:52:27,771 INFO o.a.j.t.ThreadGroup: Started thread group number 1
2024-07-28 15:52:27,771 INFO o.a.j.e.StandardJMeterEngine: All thread groups have been started
2024-07-28 15:52:27,779 INFO o.a.j.p.h.s.HTTPHCAbstractImpl: Local host = kinjals-MacBook-Air.local
2024-07-28 15:52:27,781 INFO o.a.j.p.h.s.HTTPHC4Impl: HTTP request retry count = 0
2024-07-28 15:52:27,781 INFO o.a.j.s.SampleResult: Note: Sample TimeStamps are START times
2024-07-28 15:52:27,781 INFO o.a.j.s.SampleResult: sampleresult.default.encoding is set to UTF-8
2024-07-28 15:52:27,782 INFO o.a.j.s.SampleResult: sampleresult.useNanoTime=true
2024-07-28 15:52:27,782 INFO o.a.j.s.SampleResult: sampleresult.nanoThreadSleep=5000
2024-07-28 15:52:27,810 INFO o.a.j.p.h.s.h.LazyLayeredConnectionSocketFactory: Setting up HTTPS TrustAll Socket Factory
2024-07-28 15:52:27,814 INFO o.a.j.u.JsseSSLManager: Using default SSL protocol: TLS
2024-07-28 15:52:27,814 INFO o.a.j.u.JsseSSLManager: SSL session context: per-thread
2024-07-28 15:52:27,878 INFO o.a.j.u.SSLManager: JmeterKeyStore Location:  type JKS
2024-07-28 15:52:27,880 INFO o.a.j.u.SSLManager: KeyStore created OK
2024-07-28 15:52:27,880 WARN o.a.j.u.SSLManager: Keystore file not found, loading empty keystore
2024-07-28 15:52:28,269 INFO o.a.j.t.JMeterThread: Thread started: Thread Group 1-2
2024-07-28 15:52:28,767 INFO o.a.j.t.JMeterThread: Thread started: Thread Group 1-3
2024-07-28 15:52:29,265 INFO o.a.j.t.JMeterThread: Thread started: Thread Group 1-4
2024-07-28 15:52:29,669 INFO o.a.j.t.JMeterThread: Thread is done: Thread Group 1-2
2024-07-28 15:52:29,669 INFO o.a.j.t.JMeterThread: Thread finished: Thread Group 1-2
2024-07-28 15:52:29,669 INFO o.a.j.t.JMeterThread: Thread is done: Thread Group 1-1
2024-07-28 15:52:29,670 INFO o.a.j.t.JMeterThread: Thread finished: Thread Group 1-1
2024-07-28 15:52:29,766 INFO o.a.j.t.JMeterThread: Thread started: Thread Group 1-5
2024-07-28 15:52:30,265 INFO o.a.j.t.JMeterThread: Thread started: Thread Group 1-6
2024-07-28 15:52:30,502 INFO o.a.j.r.Summariser: summary +     12 in 00:00:03 =    4.4/s Avg:   414 Min:   183 Max:   754 Err:     0 (0.00%) Active: 4 Started: 6 Finished: 2
2024-07-28 15:52:30,503 INFO o.a.j.t.JMeterThread: Thread is done: Thread Group 1-3
2024-07-28 15:52:30,503 INFO o.a.j.t.JMeterThread: Thread finished: Thread Group 1-3
2024-07-28 15:52:30,767 INFO o.a.j.t.JMeterThread: Thread started: Thread Group 1-7
2024-07-28 15:52:31,269 INFO o.a.j.t.JMeterThread: Thread started: Thread Group 1-8
2024-07-28 15:52:31,769 INFO o.a.j.t.JMeterThread: Thread started: Thread Group 1-9
2024-07-28 15:52:31,896 INFO o.a.j.t.JMeterThread: Thread is done: Thread Group 1-6
2024-07-28 15:52:31,896 INFO o.a.j.t.JMeterThread: Thread finished: Thread Group 1-6
2024-07-28 15:52:32,107 INFO o.a.j.t.JMeterThread: Thread is done: Thread Group 1-4
2024-07-28 15:52:32,107 INFO o.a.j.t.JMeterThread: Thread finished: Thread Group 1-4
2024-07-28 15:52:32,268 INFO o.a.j.t.JMeterThread: Thread started: Thread Group 1-10
2024-07-28 15:52:32,769 INFO o.a.j.t.JMeterThread: Thread started: Thread Group 1-11
2024-07-28 15:52:32,984 INFO o.a.j.t.JMeterThread: Thread is done: Thread Group 1-7
2024-07-28 15:52:32,985 INFO o.a.j.t.JMeterThread: Thread finished: Thread Group 1-7
2024-07-28 15:52:33,001 INFO o.a.j.t.JMeterThread: Thread is done: Thread Group 1-8
2024-07-28 15:52:33,001 INFO o.a.j.t.JMeterThread: Thread finished: Thread Group 1-8
2024-07-28 15:52:33,048 INFO o.a.j.t.JMeterThread: Thread is done: Thread Group 1-9
2024-07-28 15:52:33,049 INFO o.a.j.t.JMeterThread: Thread finished: Thread Group 1-9
2024-07-28 15:52:33,265 INFO o.a.j.t.JMeterThread: Thread started: Thread Group 1-12
2024-07-28 15:52:33,768 INFO o.a.j.t.JMeterThread: Thread started: Thread Group 1-13
2024-07-28 15:52:34,268 INFO o.a.j.t.JMeterThread: Thread started: Thread Group 1-14
2024-07-28 15:52:34,587 INFO o.a.j.t.JMeterThread: Thread is done: Thread Group 1-5
2024-07-28 15:52:34,588 INFO o.a.j.t.JMeterThread: Thread finished: Thread Group 1-5
2024-07-28 15:52:34,766 INFO o.a.j.t.JMeterThread: Thread started: Thread Group 1-15
2024-07-28 15:52:34,910 INFO o.a.j.t.JMeterThread: Thread is done: Thread Group 1-13
2024-07-28 15:52:34,911 INFO o.a.j.t.JMeterThread: Thread finished: Thread Group 1-13
2024-07-28 15:52:35,268 INFO o.a.j.t.JMeterThread: Thread started: Thread Group 1-16
2024-07-28 15:52:35,632 INFO o.a.j.t.JMeterThread: Thread is done: Thread Group 1-10
2024-07-28 15:52:35,633 INFO o.a.j.t.JMeterThread: Thread finished: Thread Group 1-10
2024-07-28 15:52:35,767 INFO o.a.j.t.JMeterThread: Thread started: Thread Group 1-17
2024-07-28 15:52:35,894 INFO o.a.j.t.JMeterThread: Thread is done: Thread Group 1-11
2024-07-28 15:52:35,894 INFO o.a.j.t.JMeterThread: Thread finished: Thread Group 1-11
2024-07-28 15:52:36,209 INFO o.a.j.t.JMeterThread: Thread is done: Thread Group 1-14
2024-07-28 15:52:36,209 INFO o.a.j.t.JMeterThread: Thread finished: Thread Group 1-14
2024-07-28 15:52:36,209 INFO o.a.j.t.JMeterThread: Thread is done: Thread Group 1-12
2024-07-28 15:52:36,209 INFO o.a.j.t.JMeterThread: Thread finished: Thread Group 1-12
2024-07-28 15:52:36,266 INFO o.a.j.t.JMeterThread: Thread started: Thread Group 1-18
2024-07-28 15:52:36,299 INFO o.a.j.t.JMeterThread: Thread is done: Thread Group 1-15
2024-07-28 15:52:36,299 INFO o.a.j.t.JMeterThread: Thread finished: Thread Group 1-15
2024-07-28 15:52:36,769 INFO o.a.j.t.JMeterThread: Thread started: Thread Group 1-19
2024-07-28 15:52:37,269 INFO o.a.j.t.JMeterThread: Thread started: Thread Group 1-20
2024-07-28 15:52:38,105 INFO o.a.j.t.JMeterThread: Thread is done: Thread Group 1-19
2024-07-28 15:52:38,105 INFO o.a.j.t.JMeterThread: Thread finished: Thread Group 1-19
2024-07-28 15:52:38,594 INFO o.a.j.t.JMeterThread: Thread is done: Thread Group 1-16
2024-07-28 15:52:38,595 INFO o.a.j.t.JMeterThread: Thread finished: Thread Group 1-16
2024-07-28 15:52:38,769 INFO o.a.j.t.JMeterThread: Thread is done: Thread Group 1-18
2024-07-28 15:52:38,769 INFO o.a.j.t.JMeterThread: Thread finished: Thread Group 1-18
2024-07-28 15:52:39,142 INFO o.a.j.t.JMeterThread: Thread is done: Thread Group 1-17
2024-07-28 15:52:39,142 INFO o.a.j.t.JMeterThread: Thread finished: Thread Group 1-17
2024-07-28 15:52:39,823 INFO o.a.j.t.JMeterThread: Thread is done: Thread Group 1-20
2024-07-28 15:52:39,823 INFO o.a.j.t.JMeterThread: Thread finished: Thread Group 1-20
2024-07-28 15:52:39,825 INFO o.a.j.e.StandardJMeterEngine: Notifying test listeners of end of test
2024-07-28 15:52:39,827 INFO o.a.j.r.Summariser: summary +     68 in 00:00:09 =    7.3/s Avg:   609 Min:   184 Max:  1768 Err:    10 (14.71%) Active: 0 Started: 20 Finished: 20
2024-07-28 15:52:39,828 INFO o.a.j.r.Summariser: summary =     80 in 00:00:12 =    6.6/s Avg:   580 Min:   183 Max:  1768 Err:    10 (12.50%)
2024-07-28 15:52:39,829 INFO o.a.j.JMeter: Generating Dashboard
2024-07-28 15:52:39,829 INFO o.a.j.r.d.ReportGenerator: Flushing result collector before report Generation
2024-07-28 15:52:39,846 INFO o.a.j.r.p.NormalizerSampleConsumer: Using format, 'ms', to parse timeStamp field
2024-07-28 15:52:39,911 INFO o.a.j.r.p.AbstractSampleConsumer: class org.apache.jmeter.report.processor.AggregateConsumer#stopProducing(): beginDate produced 0 samples
2024-07-28 15:52:39,911 INFO o.a.j.r.p.AbstractSampleConsumer: class org.apache.jmeter.report.processor.AggregateConsumer#stopProducing(): endDate produced 0 samples
2024-07-28 15:52:39,912 INFO o.a.j.r.p.AbstractSampleConsumer: class org.apache.jmeter.report.processor.ApdexSummaryConsumer#stopProducing(): apdexSummary produced 0 samples
2024-07-28 15:52:39,913 INFO o.a.j.r.p.AbstractSampleConsumer: class org.apache.jmeter.report.processor.RequestsSummaryConsumer#stopProducing(): requestsSummary produced 0 samples
2024-07-28 15:52:39,917 INFO o.a.j.r.p.AbstractSampleConsumer: class org.apache.jmeter.report.processor.StatisticsSummaryConsumer#stopProducing(): statisticsSummary produced 0 samples
2024-07-28 15:52:39,919 INFO o.a.j.r.p.AbstractSampleConsumer: class org.apache.jmeter.report.processor.Top5ErrorsBySamplerConsumer#stopProducing(): top5ErrorsBySampler produced 0 samples
2024-07-28 15:52:39,919 INFO o.a.j.r.p.AbstractSampleConsumer: class org.apache.jmeter.report.processor.ErrorsSummaryConsumer#stopProducing(): errorsSummary produced 0 samples
2024-07-28 15:52:39,919 INFO o.a.j.r.p.AbstractSampleConsumer: class org.apache.jmeter.report.processor.graph.impl.HitsPerSecondGraphConsumer#stopProducing(): hitsPerSecond produced 0 samples
2024-07-28 15:52:39,931 INFO o.a.j.r.p.AbstractSampleConsumer: class org.apache.jmeter.report.processor.graph.impl.LatencyVSRequestGraphConsumer#stopProducing(): latencyVsRequest produced 0 samples
2024-07-28 15:52:39,931 INFO o.a.j.r.p.AbstractSampleConsumer: class org.apache.jmeter.report.processor.graph.impl.SyntheticResponseTimeDistributionGraphConsumer#stopProducing(): syntheticResponseTimeDistribution produced 0 samples
2024-07-28 15:52:39,931 INFO o.a.j.r.p.AbstractSampleConsumer: class org.apache.jmeter.report.processor.graph.impl.BytesThroughputGraphConsumer#stopProducing(): bytesThroughputOverTime produced 0 samples
2024-07-28 15:52:39,931 INFO o.a.j.r.p.AbstractSampleConsumer: class org.apache.jmeter.report.processor.graph.impl.CodesPerSecondGraphConsumer#stopProducing(): codesPerSecond produced 0 samples
2024-07-28 15:52:39,933 INFO o.a.j.r.p.AbstractSampleConsumer: class org.apache.jmeter.report.processor.graph.impl.ResponseTimeVSRequestGraphConsumer#stopProducing(): responseTimeVsRequest produced 0 samples
2024-07-28 15:52:39,933 INFO o.a.j.r.p.AbstractSampleConsumer: class org.apache.jmeter.report.processor.FilterConsumer#stopProducing(): startIntervalControlerFilter produced 560 samples
2024-07-28 15:52:39,933 INFO o.a.j.r.p.AbstractSampleConsumer: class org.apache.jmeter.report.processor.graph.impl.TotalTPSGraphConsumer#stopProducing(): totalTPS produced 0 samples
2024-07-28 15:52:39,933 INFO o.a.j.r.p.AbstractSampleConsumer: class org.apache.jmeter.report.processor.graph.impl.ActiveThreadsGraphConsumer#stopProducing(): activeThreadsOverTime produced 0 samples
2024-07-28 15:52:39,933 INFO o.a.j.r.p.AbstractSampleConsumer: class org.apache.jmeter.report.processor.graph.impl.TimeVSThreadGraphConsumer#stopProducing(): timeVsThreads produced 0 samples
2024-07-28 15:52:39,933 INFO o.a.j.r.p.AbstractSampleConsumer: class org.apache.jmeter.report.processor.graph.impl.ResponseTimeDistributionGraphConsumer#stopProducing(): responseTimeDistribution produced 0 samples
2024-07-28 15:52:39,933 INFO o.a.j.r.p.AbstractSampleConsumer: class org.apache.jmeter.report.processor.graph.impl.TransactionsPerSecondGraphConsumer#stopProducing(): transactionsPerSecond produced 0 samples
2024-07-28 15:52:39,933 INFO o.a.j.r.p.AbstractSampleConsumer: class org.apache.jmeter.report.processor.graph.impl.ResponseTimePercentilesGraphConsumer#stopProducing(): responseTimePercentiles produced 0 samples
2024-07-28 15:52:39,934 INFO o.a.j.r.p.AbstractSampleConsumer: class org.apache.jmeter.report.processor.graph.impl.ResponseTimePercentilesOverTimeGraphConsumer#stopProducing(): responseTimePercentilesOverTime produced 0 samples
2024-07-28 15:52:39,935 INFO o.a.j.r.p.AbstractSampleConsumer: class org.apache.jmeter.report.processor.graph.impl.ResponseTimeOverTimeGraphConsumer#stopProducing(): responseTimesOverTime produced 0 samples
2024-07-28 15:52:39,935 INFO o.a.j.r.p.AbstractSampleConsumer: class org.apache.jmeter.report.processor.graph.impl.ConnectTimeOverTimeGraphConsumer#stopProducing(): connectTimeOverTime produced 0 samples
2024-07-28 15:52:39,935 INFO o.a.j.r.p.AbstractSampleConsumer: class org.apache.jmeter.report.processor.graph.impl.LatencyOverTimeGraphConsumer#stopProducing(): latenciesOverTime produced 0 samples
2024-07-28 15:52:39,935 INFO o.a.j.r.p.AbstractSampleConsumer: class org.apache.jmeter.report.processor.FilterConsumer#stopProducing(): nameFilter produced 1200 samples
2024-07-28 15:52:39,935 INFO o.a.j.r.p.AbstractSampleConsumer: class org.apache.jmeter.report.processor.FilterConsumer#stopProducing(): dateRangeFilter produced 240 samples
2024-07-28 15:52:39,935 INFO o.a.j.r.p.AbstractSampleConsumer: class org.apache.jmeter.report.processor.NormalizerSampleConsumer#stopProducing(): normalizer produced 80 samples
2024-07-28 15:52:39,935 INFO o.a.j.r.p.CsvFileSampleSource: produce(): 80 samples produced in 67ms on channel 0
2024-07-28 15:52:39,935 INFO o.a.j.r.d.ReportGenerator: Exporting data using exporter:'json' of className:'org.apache.jmeter.report.dashboard.JsonExporter'
2024-07-28 15:52:39,977 INFO o.a.j.r.d.JsonExporter: Found data for consumer statisticsSummary in context
2024-07-28 15:52:39,977 INFO o.a.j.r.d.JsonExporter: Creating statistics for overall
2024-07-28 15:52:39,977 INFO o.a.j.r.d.JsonExporter: Creating statistics for other transactions
2024-07-28 15:52:39,978 INFO o.a.j.r.d.JsonExporter: Checking output folder
2024-07-28 15:52:39,978 INFO o.a.j.r.d.JsonExporter: Writing statistics JSON to /Applications/apache-jmeter-5.6.3/bin/HTMLReports/statistics.json
2024-07-28 15:52:39,998 INFO o.a.j.r.d.ReportGenerator: Exporting data using exporter:'html' of className:'org.apache.jmeter.report.dashboard.HtmlTemplateExporter'
2024-07-28 15:52:39,999 INFO o.a.j.r.d.HtmlTemplateExporter: Will generate dashboard in folder: /Applications/apache-jmeter-5.6.3/bin/HTMLReports
2024-07-28 15:52:40,062 INFO o.a.j.r.d.HtmlTemplateExporter: Report will be generated in: /Applications/apache-jmeter-5.6.3/bin/HTMLReports, creating folder structure
2024-07-28 15:52:40,063 INFO o.a.j.r.d.TemplateVisitor: Copying folder from '/Applications/apache-jmeter-5.6.3/bin/report-template' to '/Applications/apache-jmeter-5.6.3/bin/HTMLReports', got message: /Applications/apache-jmeter-5.6.3/bin/HTMLReports, found non empty folder with following content [/Applications/apache-jmeter-5.6.3/bin/HTMLReports/statistics.json], will be ignored
2024-07-28 15:52:40,231 INFO o.a.j.JMeter: Dashboard generated
